2023-11-08 19:55:08 +0800 INFO 0.0 /home/zin/Desktop/_Y/TPA/curd/bp_sanic.py:45 <function _ at 0x7f84abfe9b20>
2023-11-08 19:55:08 +0800 INFO 0.0 /home/zin/Desktop/_Y/TPA/curd/bp_sanic.py:67 <function _ at 0x7f84a966c360>
2023-11-08 19:55:22 +0800 INFO 0.0 /home/zin/Desktop/_Y/TPA/curd/bp_sanic.py:45 <function _ at 0x7f84abfe9b20>
2023-11-08 19:55:22 +0800 INFO 0.0 /home/zin/Desktop/_Y/TPA/curd/bp_sanic.py:67 <function _ at 0x7f84a966c360>
2023-11-08 19:55:22 +0800 INFO 0.0 /home/zin/Desktop/_Y/TPA/curd/bp_sanic.py:45 <function _ at 0x7f84abfe9b20>
2023-11-08 19:55:22 +0800 INFO 0.0 /home/zin/Desktop/_Y/TPA/curd/bp_sanic.py:67 <function _ at 0x7f84a966c360>
2023-11-08 19:56:38 +0800 INFO 0.0 /home/zin/Desktop/_Y/TPA/curd/bp_sanic.py:45 <function _ at 0x7f84abfe9b20>
2023-11-08 19:56:38 +0800 INFO 0.0 /home/zin/Desktop/_Y/TPA/curd/bp_sanic.py:67 <function _ at 0x7f84a966c360>
2023-11-08 19:58:44 +0800 INFO 0.0 /home/zin/Desktop/_Y/TPA/curd/bp_sanic.py:45 <function _ at 0x7f84abfe9b20>
2023-11-08 19:58:44 +0800 INFO 0.0 /home/zin/Desktop/_Y/TPA/curd/bp_sanic.py:67 <function _ at 0x7f84a966c360>
2023-11-08 19:58:44 +0800 INFO 0.0 /home/zin/Desktop/_Y/TPA/curd/bp_sanic.py:45 <function _ at 0x7f84abfe9b20>
2023-11-08 19:58:44 +0800 INFO 0.0 /home/zin/Desktop/_Y/TPA/curd/bp_sanic.py:67 <function _ at 0x7f84a966c360>
2023-11-08 20:07:41 +0800 INFO 0.0 /home/zin/Desktop/_Y/TPA/curd/sc_bp.py:45 <function _ at 0x7f50bf325b20>
2023-11-08 20:07:41 +0800 INFO 0.0 /home/zin/Desktop/_Y/TPA/curd/sc_bp.py:67 <function _ at 0x7f50bc9d0360>
2023-11-08 20:19:39 +0800 INFO 0.0 /home/zin/Desktop/_Y/TPA/curd/sc_bp.py:45 <function _ at 0x7ff325c21b20>
2023-11-08 20:19:39 +0800 INFO 0.0 /home/zin/Desktop/_Y/TPA/curd/sc_bp.py:67 <function _ at 0x7ff323294360>
2023-11-08 20:19:40 +0800 INFO 0.0 /home/zin/Desktop/_Y/TPA/curd/sc_bp.py:135 <function _ at 0x7ff323294ae0>
2023-11-08 21:45:46 +0800 INFO 0.0 /home/zin/Desktop/_Y/TPA/curd/sc_bp.py:45 <function _ at 0x7fc357e70f40>
2023-11-08 21:45:46 +0800 INFO 0.0 /home/zin/Desktop/_Y/TPA/curd/sc_bp.py:67 <function _ at 0x7fc357e71120>
2023-11-08 21:45:53 +0800 INFO 0.0 /home/zin/Desktop/_Y/TPA/curd/sc_bp.py:45 <function _ at 0x7fc357e70f40>
2023-11-08 21:45:54 +0800 INFO 0.0 /home/zin/Desktop/_Y/TPA/curd/sc_bp.py:67 <function _ at 0x7f31b8965120>
2023-11-08 21:51:48 +0800 INFO 0.0 /home/zin/Desktop/_Y/TPA/curd/sc_bp.py:45 <function _ at 0x7fc734434ea0>
2023-11-08 21:51:49 +0800 INFO 0.0 /home/zin/Desktop/_Y/TPA/curd/sc_bp.py:67 <function _ at 0x7f01a0d25080>
2023-11-08 21:56:56 +0800 INFO 0.0 /home/zin/Desktop/_Y/TPA/curd/sc_bp.py:45 <function _ at 0x7fabb0474ea0>
2023-11-08 21:56:58 +0800 INFO 0.0 /home/zin/Desktop/_Y/TPA/curd/sc_bp.py:67 <function _ at 0x7f6457039080>
2023-11-08 21:59:18 +0800 INFO 0.0 /home/zin/Desktop/_Y/TPA/curd/sc_bp.py:45 <function _ at 0x7fec6ff64ea0>
2023-11-08 21:59:19 +0800 INFO 0.0 /home/zin/Desktop/_Y/TPA/curd/sc_bp.py:67 <function _ at 0x7fec6ff65080>
2023-11-08 22:03:00 +0800 INFO 0.0 /home/zin/Desktop/_Y/TPA/curd/sc_bp.py:45 <function _ at 0x7fd9999f4ea0>
2023-11-08 22:03:02 +0800 INFO 0.0 /home/zin/Desktop/_Y/TPA/curd/sc_bp.py:67 <function _ at 0x7fd9999f5080>
2023-11-08 22:04:39 +0800 INFO 0.0 /home/zin/Desktop/_Y/TPA/curd/sc_bp.py:45 <function _ at 0x7fdc96a04ea0>
2023-11-08 22:04:41 +0800 INFO 0.0 /home/zin/Desktop/_Y/TPA/curd/sc_bp.py:67 <function _ at 0x7fdc96a05080>
2023-11-08 22:08:21 +0800 INFO 0.0 /home/zin/Desktop/_Y/TPA/curd/sc_bp.py:52 <function _ at 0x7f4adca74fe0>
2023-11-08 22:08:23 +0800 INFO 0.0 /home/zin/Desktop/_Y/TPA/curd/sc_bp.py:74 <function _ at 0x7f4adca751c0>
2023-11-08 22:09:18 +0800 INFO 0.0 /home/zin/Desktop/_Y/TPA/curd/sc_bp.py:52 <function _ at 0x7f5e8ad44fe0>
2023-11-08 22:09:19 +0800 INFO 0.0 /home/zin/Desktop/_Y/TPA/curd/sc_bp.py:74 <function _ at 0x7fd8b91611c0>
2023-11-08 22:10:43 +0800 INFO 0.0 /home/zin/Desktop/_Y/TPA/curd/sc_bp.py:52 <function _ at 0x7f35abbf8fe0>
2023-11-08 22:10:45 +0800 INFO 0.0 /home/zin/Desktop/_Y/TPA/curd/sc_bp.py:74 <function _ at 0x7feac4ded1c0>
2023-11-08 22:16:56 +0800 INFO 0.0 /home/zin/Desktop/_Y/TPA/curd/sc_bp.py:44 <function _ at 0x7ff20ecc4ea0>
2023-11-08 22:16:57 +0800 INFO 0.0 /home/zin/Desktop/_Y/TPA/curd/sc_bp.py:66 <function _ at 0x7fa1df899080>
2023-11-08 22:17:20 +0800 INFO 0.0 /home/zin/Desktop/_Y/TPA/curd/sc_bp.py:44 <function _ at 0x7ff20ecc4ea0>
2023-11-08 22:17:22 +0800 INFO 0.0 /home/zin/Desktop/_Y/TPA/curd/sc_bp.py:66 <function _ at 0x7ff20ecc5080>
2023-11-08 22:17:23 +0800 INFO 0.0 /home/zin/Desktop/_Y/TPA/curd/sc_bp.py:44 <function _ at 0x7ff20ecc4ea0>
2023-11-08 22:17:24 +0800 INFO 0.0 /home/zin/Desktop/_Y/TPA/curd/sc_bp.py:66 <function _ at 0x7ff20ecc5080>
2023-11-08 22:19:10 +0800 INFO 0.0 /home/zin/Desktop/_Y/TPA/curd/sc_bp.py:44 <function _ at 0x7ff652d70ea0>
2023-11-08 22:19:12 +0800 INFO 0.0 /home/zin/Desktop/_Y/TPA/curd/sc_bp.py:66 <function _ at 0x7ff652d71080>
2023-11-08 22:19:30 +0800 INFO 0.0 /home/zin/Desktop/_Y/TPA/curd/sc_bp.py:44 <function _ at 0x7ff652d70ea0>
2023-11-08 22:19:32 +0800 INFO 0.0 /home/zin/Desktop/_Y/TPA/curd/sc_bp.py:66 <function _ at 0x7ff652d71080>
2023-11-08 22:19:37 +0800 INFO 0.0 /home/zin/Desktop/_Y/TPA/curd/sc_bp.py:44 <function _ at 0x7ff652d70ea0>
2023-11-08 22:19:39 +0800 INFO 0.0 /home/zin/Desktop/_Y/TPA/curd/sc_bp.py:66 <function _ at 0x7ff652d71080>
2023-11-08 22:19:41 +0800 INFO 0.0 /home/zin/Desktop/_Y/TPA/know/sc_bp.py:13 <function _ at 0x7ff652d71bc0>
2023-11-08 22:38:58 +0800 INFO 0.0 /home/zin/Desktop/_Y/TPA/curd/pbp.py:44 <function _ at 0x7fad151e8ea0>
2023-11-08 22:38:59 +0800 INFO 0.0 /home/zin/Desktop/_Y/TPA/curd/pbp.py:66 <function _ at 0x7fad151e9080>
2023-11-08 22:39:04 +0800 INFO 0.0 /home/zin/Desktop/_Y/TPA/curd/pbp.py:44 <function _ at 0x7fad151e8ea0>
2023-11-08 22:39:05 +0800 INFO 0.0 /home/zin/Desktop/_Y/TPA/curd/pbp.py:66 <function _ at 0x7fad151e9080>
2023-11-08 22:39:08 +0800 INFO 0.0 /home/zin/Desktop/_Y/TPA/know/pbp.py:13 <function _ at 0x7fad0fde0900>
